INFO:root:SUMO simulation started.
INFO:root:Starting episode 1/10
INFO:root:Episode 1 completed.
INFO:root:Starting episode 2/10
INFO:root:Episode 2 completed.
INFO:root:Starting episode 3/10
INFO:root:Episode 3 completed.
INFO:root:Starting episode 4/10
INFO:root:Episode 4 completed.
INFO:root:Starting episode 5/10
INFO:root:Episode 5 completed.
INFO:root:Starting episode 6/10
INFO:root:Episode 6 completed.
INFO:root:Starting episode 7/10
INFO:root:Episode 7 completed.
INFO:root:Starting episode 8/10
INFO:root:Episode 8 completed.
INFO:root:Starting episode 9/10
INFO:root:Episode 9 completed.
INFO:root:Starting episode 10/10
INFO:root:Episode 10 completed.
INFO:root:Training completed and models saved.
INFO:root:SUMO simulation closed.
INFO:root:SUMO simulation started.
INFO:root:SUMO simulation started.
INFO:root:Starting episode 1/10
INFO:root:Episode 1 completed.
INFO:root:Starting episode 2/10
INFO:root:Episode 2 completed.
INFO:root:Starting episode 3/10
INFO:root:Episode 3 completed.
INFO:root:Starting episode 4/10
INFO:root:Episode 4 completed.
INFO:root:Starting episode 5/10
INFO:root:Episode 5 completed.
INFO:root:Starting episode 6/10
INFO:root:Episode 6 completed.
INFO:root:Starting episode 7/10
INFO:root:Episode 7 completed.
INFO:root:Starting episode 8/10
INFO:root:Episode 8 completed.
INFO:root:Starting episode 9/10
INFO:root:Episode 9 completed.
INFO:root:Starting episode 10/10
INFO:root:Episode 10 completed.
INFO:root:Training completed and models saved.
INFO:root:SUMO simulation closed.
INFO:root:SUMO simulation started.
INFO:root:Starting episode 1/10
INFO:root:Episode 1 completed.
INFO:root:Starting episode 2/10
INFO:root:Episode 2 completed.
INFO:root:Starting episode 3/10
INFO:root:Episode 3 completed.
INFO:root:Starting episode 4/10
INFO:root:Episode 4 completed.
INFO:root:Starting episode 5/10
INFO:root:Episode 5 completed.
INFO:root:Starting episode 6/10
INFO:root:Episode 6 completed.
INFO:root:Starting episode 7/10
INFO:root:Episode 7 completed.
INFO:root:Starting episode 8/10
INFO:root:Episode 8 completed.
INFO:root:Starting episode 9/10
INFO:root:Episode 9 completed.
INFO:root:Starting episode 10/10
INFO:root:Episode 10 completed.
INFO:root:Training completed and models saved.
INFO:root:SUMO simulation closed.
INFO:root:SUMO simulation started.
INFO:root:Starting episode 1/30
INFO:root:Episode 1 completed.
INFO:root:Starting episode 2/30
INFO:root:Episode 2 completed.
INFO:root:Starting episode 3/30
INFO:root:Episode 3 completed.
INFO:root:Starting episode 4/30
INFO:root:Episode 4 completed.
INFO:root:Starting episode 5/30
INFO:root:Episode 5 completed.
INFO:root:Starting episode 6/30
INFO:root:Episode 6 completed.
INFO:root:Starting episode 7/30
INFO:root:Episode 7 completed.
INFO:root:Starting episode 8/30
INFO:root:Episode 8 completed.
INFO:root:Starting episode 9/30
INFO:root:Episode 9 completed.
INFO:root:Starting episode 10/30
INFO:root:Episode 10 completed.
INFO:root:Starting episode 11/30
INFO:root:Episode 11 completed.
INFO:root:Starting episode 12/30
INFO:root:Episode 12 completed.
INFO:root:Starting episode 13/30
INFO:root:Episode 13 completed.
INFO:root:Starting episode 14/30
INFO:root:Episode 14 completed.
INFO:root:Starting episode 15/30
INFO:root:Episode 15 completed.
INFO:root:Starting episode 16/30
INFO:root:Episode 16 completed.
INFO:root:Starting episode 17/30
INFO:root:Episode 17 completed.
INFO:root:Starting episode 18/30
INFO:root:Episode 18 completed.
INFO:root:Starting episode 19/30
INFO:root:Episode 19 completed.
INFO:root:Starting episode 20/30
INFO:root:Episode 20 completed.
INFO:root:Starting episode 21/30
INFO:root:Episode 21 completed.
INFO:root:Starting episode 22/30
INFO:root:Episode 22 completed.
INFO:root:Starting episode 23/30
INFO:root:Episode 23 completed.
INFO:root:Starting episode 24/30
INFO:root:Episode 24 completed.
INFO:root:Starting episode 25/30
INFO:root:Episode 25 completed.
INFO:root:Starting episode 26/30
INFO:root:Episode 26 completed.
INFO:root:Starting episode 27/30
INFO:root:Episode 27 completed.
INFO:root:Starting episode 28/30
INFO:root:Episode 28 completed.
INFO:root:Starting episode 29/30
INFO:root:Episode 29 completed.
INFO:root:Starting episode 30/30
INFO:root:Episode 30 completed.
INFO:root:Training completed and models saved.
INFO:root:SUMO simulation closed.
INFO:root:SUMO simulation started.
INFO:root:Starting episode 1/30
INFO:root:Episode 1 completed.
INFO:root:Starting episode 2/30
INFO:root:Episode 2 completed.
INFO:root:Starting episode 3/30
INFO:root:Episode 3 completed.
INFO:root:Starting episode 4/30
INFO:root:Episode 4 completed.
INFO:root:Starting episode 5/30
INFO:root:Episode 5 completed.
INFO:root:Starting episode 6/30
INFO:root:Episode 6 completed.
INFO:root:Starting episode 7/30
INFO:root:Episode 7 completed.
INFO:root:Starting episode 8/30
INFO:root:Episode 8 completed.
INFO:root:Starting episode 9/30
INFO:root:Episode 9 completed.
INFO:root:Starting episode 10/30
INFO:root:Episode 10 completed.
INFO:root:Starting episode 11/30
INFO:root:Episode 11 completed.
INFO:root:Starting episode 12/30
INFO:root:Episode 12 completed.
INFO:root:Starting episode 13/30
INFO:root:Episode 13 completed.
INFO:root:Starting episode 14/30
INFO:root:Episode 14 completed.
INFO:root:Starting episode 15/30
INFO:root:Episode 15 completed.
INFO:root:Starting episode 16/30
INFO:root:Episode 16 completed.
INFO:root:Starting episode 17/30
INFO:root:Episode 17 completed.
INFO:root:Starting episode 18/30
INFO:root:Episode 18 completed.
INFO:root:Starting episode 19/30
INFO:root:Episode 19 completed.
INFO:root:Starting episode 20/30
INFO:root:Episode 20 completed.
INFO:root:Starting episode 21/30
INFO:root:Episode 21 completed.
INFO:root:Starting episode 22/30
INFO:root:Episode 22 completed.
INFO:root:Starting episode 23/30
INFO:root:Episode 23 completed.
INFO:root:Starting episode 24/30
INFO:root:Episode 24 completed.
INFO:root:Starting episode 25/30
INFO:root:Episode 25 completed.
INFO:root:Starting episode 26/30
INFO:root:Episode 26 completed.
INFO:root:Starting episode 27/30
INFO:root:Episode 27 completed.
INFO:root:Starting episode 28/30
INFO:root:Episode 28 completed.
INFO:root:Starting episode 29/30
INFO:root:Episode 29 completed.
INFO:root:Starting episode 30/30
INFO:root:Episode 30 completed.
INFO:root:Training completed and models saved.
INFO:root:SUMO simulation closed.
INFO:root:SUMO simulation started.
INFO:root:Starting episode 1/30
INFO:root:Episode 1 completed.
INFO:root:Starting episode 2/30
INFO:root:Episode 2 completed.
INFO:root:Starting episode 3/30
INFO:root:Episode 3 completed.
INFO:root:Starting episode 4/30
INFO:root:Episode 4 completed.
INFO:root:Starting episode 5/30
INFO:root:Episode 5 completed.
INFO:root:Starting episode 6/30
INFO:root:Episode 6 completed.
INFO:root:Starting episode 7/30
INFO:root:Episode 7 completed.
INFO:root:Starting episode 8/30
INFO:root:Episode 8 completed.
INFO:root:Starting episode 9/30
INFO:root:Episode 9 completed.
INFO:root:Starting episode 10/30
INFO:root:Episode 10 completed.
INFO:root:Starting episode 11/30
INFO:root:Episode 11 completed.
INFO:root:Starting episode 12/30
INFO:root:Episode 12 completed.
INFO:root:Starting episode 13/30
INFO:root:Episode 13 completed.
INFO:root:Starting episode 14/30
INFO:root:Episode 14 completed.
INFO:root:Starting episode 15/30
INFO:root:Episode 15 completed.
INFO:root:Starting episode 16/30
INFO:root:Episode 16 completed.
INFO:root:Starting episode 17/30
INFO:root:Episode 17 completed.
INFO:root:Starting episode 18/30
INFO:root:Episode 18 completed.
INFO:root:Starting episode 19/30
INFO:root:Episode 19 completed.
INFO:root:Starting episode 20/30
INFO:root:Episode 20 completed.
INFO:root:Starting episode 21/30
INFO:root:Episode 21 completed.
INFO:root:Starting episode 22/30
INFO:root:Episode 22 completed.
INFO:root:Starting episode 23/30
INFO:root:Episode 23 completed.
INFO:root:Starting episode 24/30
INFO:root:Episode 24 completed.
INFO:root:Starting episode 25/30
INFO:root:Episode 25 completed.
INFO:root:Starting episode 26/30
INFO:root:Episode 26 completed.
INFO:root:Starting episode 27/30
INFO:root:Episode 27 completed.
INFO:root:Starting episode 28/30
INFO:root:Episode 28 completed.
INFO:root:Starting episode 29/30
INFO:root:Episode 29 completed.
INFO:root:Starting episode 30/30
INFO:root:Episode 30 completed.
INFO:root:Training completed and models saved.
INFO:root:SUMO simulation closed.
